<?xml version="1.0" encoding="UTF-8"?>
<!-- Generated by org.testng.reporters.JUnitXMLReporter -->
<testsuite ignored="0" hostname="DESKTOP-Q25CNSK" failures="0" tests="2" name="Command line test" time="3.086" errors="0" timestamp="2020-05-08T12:34:43 IST">
  <testcase classname="com.org.MavenGroup.MavenArtifactID.Tests.SmokeTests" name="@BeforeTest setup" time="2.183">
    <failure type="org.openqa.selenium.SessionNotCreatedException" message="session not created: This version of ChromeDriver only supports Chrome version 78
Build info: version: &amp;apos;3.141.59&amp;apos;, revision: &amp;apos;e82be7d358&amp;apos;, time: &amp;apos;2018-11-14T08:17:03&amp;apos;
System info: host: &amp;apos;DESKTOP-Q25CNSK&amp;apos;, ip: &amp;apos;192.168.1.103&amp;apos;, os.name: &amp;apos;Windows 10&amp;apos;, os.arch: &amp;apos;amd64&amp;apos;, os.version: &amp;apos;10.0&amp;apos;, java.version: &amp;apos;12.0.2&amp;apos;
Driver info: driver.version: ChromeDriver
remote stacktrace: Backtrace:
	Ordinal0 [0x0076A923+1550627]
	Ordinal0 [0x006EA731+1025841]
	Ordinal0 [0x0066C715+509717]
	Ordinal0 [0x005FFC68+64616]
	Ordinal0 [0x005FC594+50580]
	Ordinal0 [0x0061ACE7+175335]
	Ordinal0 [0x0061A8ED+174317]
	Ordinal0 [0x00618CDB+167131]
	Ordinal0 [0x0060144A+70730]
	Ordinal0 [0x006024D0+74960]
	Ordinal0 [0x00602469+74857]
	Ordinal0 [0x007042F7+1131255]
	GetHandleVerifier [0x0080711D+523789]
	GetHandleVerifier [0x00806EB0+523168]
	GetHandleVerifier [0x0080E207+552695]
	GetHandleVerifier [0x0080791A+525834]
	Ordinal0 [0x006FB82C+1095724]
	Ordinal0 [0x0070636B+1139563]
	Ordinal0 [0x007064D3+1139923]
	Ordinal0 [0x00705455+1135701]
	BaseThreadInitThunk [0x75776359+25]
	RtlGetAppContainerNamedObjectPath [0x77E97C14+228]
	RtlGetAppContainerNamedObjectPath [0x77E97BE4+180]
">
      <![CDATA[org.openqa.selenium.SessionNotCreatedException: session not created: This version of ChromeDriver only supports Chrome version 78
Build info: version: '3.141.59', revision: 'e82be7d358', time: '2018-11-14T08:17:03'
System info: host: 'DESKTOP-Q25CNSK', ip: '192.168.1.103', os.name: 'Windows 10', os.arch: 'amd64', os.version: '10.0', java.version: '12.0.2'
Driver info: driver.version: ChromeDriver
remote stacktrace: Backtrace:
Ordinal0 [0x0076A923+1550627]
Ordinal0 [0x006EA731+1025841]
Ordinal0 [0x0066C715+509717]
Ordinal0 [0x005FFC68+64616]
Ordinal0 [0x005FC594+50580]
Ordinal0 [0x0061ACE7+175335]
Ordinal0 [0x0061A8ED+174317]
Ordinal0 [0x00618CDB+167131]
Ordinal0 [0x0060144A+70730]
Ordinal0 [0x006024D0+74960]
Ordinal0 [0x00602469+74857]
Ordinal0 [0x007042F7+1131255]
GetHandleVerifier [0x0080711D+523789]
GetHandleVerifier [0x00806EB0+523168]
GetHandleVerifier [0x0080E207+552695]
GetHandleVerifier [0x0080791A+525834]
Ordinal0 [0x006FB82C+1095724]
Ordinal0 [0x0070636B+1139563]
Ordinal0 [0x007064D3+1139923]
Ordinal0 [0x00705455+1135701]
BaseThreadInitThunk [0x75776359+25]
RtlGetAppContainerNamedObjectPath [0x77E97C14+228]
RtlGetAppContainerNamedObjectPath [0x77E97BE4+180]

at org.openqa.selenium.remote.W3CHandshakeResponse.lambda$errorHandler$0(W3CHandshakeResponse.java:62)
at org.openqa.selenium.remote.HandshakeResponse.lambda$getResponseFunction$0(HandshakeResponse.java:30)
at org.openqa.selenium.remote.ProtocolHandshake.lambda$createSession$0(ProtocolHandshake.java:126)
at java.base/java.util.stream.ReferencePipeline$3$1.accept(ReferencePipeline.java:195)
at java.base/java.util.Spliterators$ArraySpliterator.tryAdvance(Spliterators.java:958)
at java.base/java.util.stream.ReferencePipeline.forEachWithCancel(ReferencePipeline.java:127)
at java.base/java.util.stream.AbstractPipeline.copyIntoWithCancel(AbstractPipeline.java:502)
at java.base/java.util.stream.AbstractPipeline.copyInto(AbstractPipeline.java:488)
at java.base/java.util.stream.AbstractPipeline.wrapAndCopyInto(AbstractPipeline.java:474)
at java.base/java.util.stream.FindOps$FindOp.evaluateSequential(FindOps.java:150)
at java.base/java.util.stream.AbstractPipeline.evaluate(AbstractPipeline.java:234)
at java.base/java.util.stream.ReferencePipeline.findFirst(ReferencePipeline.java:543)
at org.openqa.selenium.remote.ProtocolHandshake.createSession(ProtocolHandshake.java:128)
at org.openqa.selenium.remote.ProtocolHandshake.createSession(ProtocolHandshake.java:74)
at org.openqa.selenium.remote.HttpCommandExecutor.execute(HttpCommandExecutor.java:136)
at org.openqa.selenium.remote.service.DriverCommandExecutor.execute(DriverCommandExecutor.java:83)
at org.openqa.selenium.remote.RemoteWebDriver.execute(RemoteWebDriver.java:552)
at org.openqa.selenium.remote.RemoteWebDriver.startSession(RemoteWebDriver.java:213)
at org.openqa.selenium.remote.RemoteWebDriver.<init>(RemoteWebDriver.java:131)
at org.openqa.selenium.chrome.ChromeDriver.<init>(ChromeDriver.java:181)
at org.openqa.selenium.chrome.ChromeDriver.<init>(ChromeDriver.java:168)
at org.openqa.selenium.chrome.ChromeDriver.<init>(ChromeDriver.java:123)
at com.org.MavenGroup.MavenArtifactID.Tests.SmokeTests.setup(SmokeTests.java:78)
at com.org.MavenGroup.MavenArtifactID.Tests.TestRunner.main(TestRunner.java:30)
... Removed 26 stack frames]]>
    </failure>
  </testcase> <!-- @BeforeTest setup -->
  <testcase classname="com.org.MavenGroup.MavenArtifactID.Tests.SmokeTests" name="@BeforeClass init" time="-1.588921482468E9">
    <skipped/>
  </testcase> <!-- @BeforeClass init -->
  <testcase classname="com.org.MavenGroup.MavenArtifactID.Tests.SmokeTests" name="@AfterTest terminateBrowser" time="-1.588921483349E9">
    <skipped/>
  </testcase> <!-- @AfterTest terminateBrowser -->
  <testcase classname="com.org.MavenGroup.MavenArtifactID.Tests.SmokeTests" name="TC_01_LogIn" time="0.0">
    <skipped/>
  </testcase> <!-- TC_01_LogIn -->
  <testcase classname="com.org.MavenGroup.MavenArtifactID.Tests.SmokeTests" name="CheckLoadTime" time="0.0">
    <skipped/>
  </testcase> <!-- CheckLoadTime -->
</testsuite> <!-- Command line test -->
