<?xml version="1.0" encoding="UTF-8"?>
<testng-results ignored="0" total="13" passed="13" failed="0" skipped="0">
  <reporter-output>
  </reporter-output>
  <suite started-at="2020-01-23T16:05:11 IST" name="Default suite" finished-at="2020-01-23T16:11:36 IST" duration-ms="384245">
    <groups>
    </groups>
    <test started-at="2020-01-23T16:05:11 IST" name="Default test" finished-at="2020-01-23T16:11:36 IST" duration-ms="384245">
      <class name="com.org.MavenGroup.MavenArtifactID.Tests.SmokeTests">
        <test-method is-config="true" signature="setup()[pri:0, instance:com.org.MavenGroup.MavenArtifactID.Tests.SmokeTests@1fe20588]" started-at="2020-01-23T16:05:11 IST" name="setup" finished-at="2020-01-23T16:05:23 IST" duration-ms="12112" status="PASS">
          <reporter-output>
          </reporter-output>
        </test-method> <!-- setup -->
        <test-method is-config="true" signature="init()[pri:0, instance:com.org.MavenGroup.MavenArtifactID.Tests.SmokeTests@1fe20588]" started-at="2020-01-23T16:05:23 IST" name="init" finished-at="2020-01-23T16:05:33 IST" duration-ms="9892" status="PASS">
          <reporter-output>
          </reporter-output>
        </test-method> <!-- init -->
        <test-method signature="TC_01_LogIn(java.util.Map)[pri:1, instance:com.org.MavenGroup.MavenArtifactID.Tests.SmokeTests@1fe20588]" started-at="2020-01-23T16:05:37 IST" name="TC_01_LogIn" data-provider="combination_list" finished-at="2020-01-23T16:05:54 IST" duration-ms="16377" status="PASS">
          <params>
            <param index="0">
              <value>
                <![CDATA[{password=Metro@may, URL=https://teamswebstaging.azurewebsites.net, username=globaladmin1@cyclotrondev.com}]]>
              </value>
            </param>
          </params>
          <reporter-output>
          </reporter-output>
        </test-method> <!-- TC_01_LogIn -->
        <test-method signature="TC_02_Team_Request_Setting()[pri:2, instance:com.org.MavenGroup.MavenArtifactID.Tests.SmokeTests@1fe20588]" started-at="2020-01-23T16:05:54 IST" name="TC_02_Team_Request_Setting" finished-at="2020-01-23T16:06:45 IST" duration-ms="50778" status="PASS">
          <reporter-output>
          </reporter-output>
        </test-method> <!-- TC_02_Team_Request_Setting -->
        <test-method signature="TC_3_Set_Custom_Blocked_Word()[pri:3, instance:com.org.MavenGroup.MavenArtifactID.Tests.SmokeTests@1fe20588]" started-at="2020-01-23T16:06:45 IST" name="TC_3_Set_Custom_Blocked_Word" finished-at="2020-01-23T16:07:24 IST" duration-ms="39036" status="PASS">
          <reporter-output>
          </reporter-output>
        </test-method> <!-- TC_3_Set_Custom_Blocked_Word -->
        <test-method signature="TC_04_Team_Request()[pri:4, instance:com.org.MavenGroup.MavenArtifactID.Tests.SmokeTests@1fe20588]" started-at="2020-01-23T16:07:24 IST" name="TC_04_Team_Request" finished-at="2020-01-23T16:07:55 IST" duration-ms="31852" status="PASS">
          <reporter-output>
          </reporter-output>
        </test-method> <!-- TC_04_Team_Request -->
        <test-method signature="TC_06_Search()[pri:6, instance:com.org.MavenGroup.MavenArtifactID.Tests.SmokeTests@1fe20588]" started-at="2020-01-23T16:07:55 IST" name="TC_06_Search" finished-at="2020-01-23T16:08:05 IST" duration-ms="9149" status="PASS">
          <reporter-output>
          </reporter-output>
        </test-method> <!-- TC_06_Search -->
        <test-method signature="TC_07_Add_Channel()[pri:7, instance:com.org.MavenGroup.MavenArtifactID.Tests.SmokeTests@1fe20588]" started-at="2020-01-23T16:08:05 IST" name="TC_07_Add_Channel" finished-at="2020-01-23T16:09:00 IST" duration-ms="55394" status="PASS">
          <reporter-output>
          </reporter-output>
        </test-method> <!-- TC_07_Add_Channel -->
        <test-method signature="TC_08_Apply_Tag()[pri:8, instance:com.org.MavenGroup.MavenArtifactID.Tests.SmokeTests@1fe20588]" started-at="2020-01-23T16:09:00 IST" name="TC_08_Apply_Tag" finished-at="2020-01-23T16:09:19 IST" duration-ms="18510" status="PASS">
          <reporter-output>
          </reporter-output>
        </test-method> <!-- TC_08_Apply_Tag -->
        <test-method signature="TC_09_Mark_As_A_Favorite()[pri:9, instance:com.org.MavenGroup.MavenArtifactID.Tests.SmokeTests@1fe20588]" started-at="2020-01-23T16:09:19 IST" name="TC_09_Mark_As_A_Favorite" finished-at="2020-01-23T16:09:29 IST" duration-ms="10232" status="PASS">
          <reporter-output>
          </reporter-output>
        </test-method> <!-- TC_09_Mark_As_A_Favorite -->
        <test-method signature="TC_10_Save_Hub()[pri:10, instance:com.org.MavenGroup.MavenArtifactID.Tests.SmokeTests@1fe20588]" started-at="2020-01-23T16:09:29 IST" name="TC_10_Save_Hub" finished-at="2020-01-23T16:10:09 IST" duration-ms="40247" status="PASS">
          <reporter-output>
          </reporter-output>
        </test-method> <!-- TC_10_Save_Hub -->
        <test-method signature="TC_11_CheckHub_Data()[pri:11, instance:com.org.MavenGroup.MavenArtifactID.Tests.SmokeTests@1fe20588]" started-at="2020-01-23T16:10:09 IST" name="TC_11_CheckHub_Data" finished-at="2020-01-23T16:10:23 IST" duration-ms="14234" status="PASS">
          <reporter-output>
          </reporter-output>
        </test-method> <!-- TC_11_CheckHub_Data -->
        <test-method signature="TC_12_Send_NewsLetter()[pri:12, instance:com.org.MavenGroup.MavenArtifactID.Tests.SmokeTests@1fe20588]" started-at="2020-01-23T16:10:23 IST" name="TC_12_Send_NewsLetter" finished-at="2020-01-23T16:10:50 IST" duration-ms="26352" status="PASS">
          <reporter-output>
          </reporter-output>
        </test-method> <!-- TC_12_Send_NewsLetter -->
        <test-method signature="TC_13_Send_Feedback()[pri:13, instance:com.org.MavenGroup.MavenArtifactID.Tests.SmokeTests@1fe20588]" started-at="2020-01-23T16:10:50 IST" name="TC_13_Send_Feedback" finished-at="2020-01-23T16:11:00 IST" duration-ms="10495" status="PASS">
          <reporter-output>
          </reporter-output>
        </test-method> <!-- TC_13_Send_Feedback -->
        <test-method signature="TC_14_Check_NewsLetter()[pri:14, instance:com.org.MavenGroup.MavenArtifactID.Tests.SmokeTests@1fe20588]" started-at="2020-01-23T16:11:00 IST" name="TC_14_Check_NewsLetter" finished-at="2020-01-23T16:11:35 IST" duration-ms="35004" status="PASS">
          <reporter-output>
          </reporter-output>
        </test-method> <!-- TC_14_Check_NewsLetter -->
        <test-method is-config="true" signature="terminateBrowser()[pri:0, instance:com.org.MavenGroup.MavenArtifactID.Tests.SmokeTests@1fe20588]" started-at="2020-01-23T16:11:35 IST" name="terminateBrowser" finished-at="2020-01-23T16:11:36 IST" duration-ms="426" status="PASS">
          <reporter-output>
          </reporter-output>
        </test-method> <!-- terminateBrowser -->
      </class> <!-- com.org.MavenGroup.MavenArtifactID.Tests.SmokeTests -->
    </test> <!-- Default test -->
  </suite> <!-- Default suite -->
</testng-results>
